[13:55:51] [main/INFO] (FabricLoader/GameProvider) Loading Minecraft 1.19.4 with Fabric Loader 0.14.19
[13:55:51] [main/INFO] (FabricLoader) Loading 50 mods:
	- fabric-api 0.76.0+1.19.4
	- fabric-api-base 0.4.23+9ff28bcef4
	- fabric-api-lookup-api-v1 1.6.24+49abcf7ef4
	- fabric-biome-api-v1 13.0.6+348a9c64f4
	- fabric-block-api-v1 1.0.5+e022e5d1f4
	- fabric-blockrenderlayer-v1 1.1.33+c2e6f674f4
	- fabric-client-tags-api-v1 1.0.14+1134c5b8f4
	- fabric-command-api-v2 2.2.4+ae0966baf4
	- fabric-content-registries-v0 3.5.7+ae0966baf4
	- fabric-convention-tags-v1 1.4.0+9a7c5daaf4
	- fabric-crash-report-info-v1 0.2.14+aeb40ebef4
	- fabric-data-generation-api-v1 11.3.5+5da15ca1f4
	- fabric-dimensions-v1 2.1.44+7f87f8faf4
	- fabric-entity-events-v1 1.5.12+e45f7c65f4
	- fabric-events-interaction-v0 0.4.42+a1ccd7bff4
	- fabric-game-rule-api-v1 1.0.32+a1ccd7bff4
	- fabric-gametest-api-v1 1.2.2+ae0966baf4
	- fabric-item-api-v1 2.1.16+09a3510cf4
	- fabric-item-group-api-v1 3.0.3+043f9acff4
	- fabric-key-binding-api-v1 1.0.32+c477957ef4
	- fabric-lifecycle-events-v1 2.2.14+5da15ca1f4
	- fabric-loot-api-v2 1.1.25+75e98211f4
	- fabric-message-api-v1 5.1.0+1ee8be40f4
	- fabric-mining-level-api-v1 2.1.37+49abcf7ef4
	- fabric-models-v0 0.3.29+11ba9c3bf4
	- fabric-networking-api-v1 1.2.22+ca5f59aaf4
	- fabric-object-builder-api-v1 7.0.1+63b515f4f4
	- fabric-particles-v1 1.0.22+f1e4495bf4
	- fabric-recipe-api-v1 1.0.6+a1ccd7bff4
	- fabric-registry-sync-v0 2.1.2+a383ab97f4
	- fabric-renderer-api-v1 2.2.4+81e8c576f4
	- fabric-renderer-indigo 1.1.0+81e8c576f4
	- fabric-rendering-data-attachment-v1 0.3.27+afca2f3ef4
	- fabric-rendering-fluids-v1 3.0.20+f1e4495bf4
	- fabric-rendering-v1 2.1.0+8f878217f4
	- fabric-resource-conditions-api-v1 2.3.0+e6c7d4eef4
	- fabric-resource-loader-v0 0.11.0+938a1d56f4
	- fabric-screen-api-v1 1.0.44+8c25edb4f4
	- fabric-screen-handler-api-v1 1.3.18+5da15ca1f4
	- fabric-sound-api-v1 1.0.8+75e98211f4
	- fabric-transfer-api-v1 3.0.1+9003cbe9f4
	- fabric-transitive-access-wideners-v1 3.0.2+63b515f4f4
	- fabricloader 0.14.19
	- geckolib 4.1.3
	- java 17
	- minecraft 1.19.4
	- mwar 1.0-SNAPSHOT
	- rayon 1.7.0+1.19.4
	- toolbox 1.4.0+1.19.4
	- transporter 1.4.0+1.19.4
[13:55:52] [main/INFO] (FabricLoader/Mixin) SpongePowered MIXIN Subsystem Version=0.8.5 Source=file:/C:/Users/Slosa/.gradle/caches/modules-2/files-2.1/net.fabricmc/sponge-mixin/0.12.4+mixin.0.8.5/e13b4069fe3555969811d4474f78576c707bbe1c/sponge-mixin-0.12.4+mixin.0.8.5.jar Service=Knot/Fabric Env=CLIENT
[13:55:52] [main/INFO] (FabricLoader/Mixin) Loaded Fabric development mappings for mixin remapper!
[13:55:52] [main/INFO] (FabricLoader/Mixin) Compatibility level set to JAVA_16
[13:55:52] [main/INFO] (FabricLoader/Mixin) Compatibility level set to JAVA_17
[13:55:57] [Datafixer Bootstrap/INFO] (Minecraft) 180 Datafixer optimizations took 100 milliseconds
[13:55:59] [Render thread/INFO] (Minecraft) Environment: authHost='https://authserver.mojang.com', accountsHost='https://api.mojang.com', sessionHost='https://sessionserver.mojang.com', servicesHost='https://api.minecraftservices.com', name='PROD'
[13:55:59] [Render thread/ERROR] (Minecraft) Failed to verify authentication
com.mojang.authlib.exceptions.InvalidCredentialsException: Status: 401
	at com.mojang.authlib.exceptions.MinecraftClientHttpException.toAuthenticationException(MinecraftClientHttpException.java:56) ~[authlib-3.18.38.jar:?]
	at com.mojang.authlib.yggdrasil.YggdrasilUserApiService.fetchProperties(YggdrasilUserApiService.java:156) ~[authlib-3.18.38.jar:?]
	at com.mojang.authlib.yggdrasil.YggdrasilUserApiService.<init>(YggdrasilUserApiService.java:55) ~[authlib-3.18.38.jar:?]
	at com.mojang.authlib.yggdrasil.YggdrasilAuthenticationService.createUserApiService(YggdrasilAuthenticationService.java:161) ~[authlib-3.18.38.jar:?]
	at net.minecraft.client.MinecraftClient.createUserApiService(MinecraftClient.java:714) ~[minecraft-project-@-merged-named.jar:?]
	at net.minecraft.client.MinecraftClient.<init>(MinecraftClient.java:506) ~[minecraft-project-@-merged-named.jar:?]
	at net.minecraft.client.main.Main.main(Main.java:179) ~[minecraft-project-@-merged-named.jar:?]
	at net.fabricmc.loader.impl.game.minecraft.MinecraftGameProvider.launch(MinecraftGameProvider.java:462) ~[fabric-loader-0.14.19.jar:?]
	at net.fabricmc.loader.impl.launch.knot.Knot.launch(Knot.java:74) ~[fabric-loader-0.14.19.jar:?]
	at net.fabricmc.loader.impl.launch.knot.KnotClient.main(KnotClient.java:23) ~[fabric-loader-0.14.19.jar:?]
	at net.fabricmc.devlaunchinjector.Main.main(Main.java:86) ~[dev-launch-injector-0.2.1+build.8.jar:?]
Caused by: com.mojang.authlib.exceptions.MinecraftClientHttpException: Status: 401
	at com.mojang.authlib.minecraft.client.MinecraftClient.readInputStream(MinecraftClient.java:87) ~[authlib-3.18.38.jar:?]
	at com.mojang.authlib.minecraft.client.MinecraftClient.get(MinecraftClient.java:48) ~[authlib-3.18.38.jar:?]
	at com.mojang.authlib.yggdrasil.YggdrasilUserApiService.fetchProperties(YggdrasilUserApiService.java:129) ~[authlib-3.18.38.jar:?]
	... 9 more
[13:55:59] [Render thread/INFO] (Minecraft) Setting user: Player351
[13:56:00] [Render thread/INFO] (Transporter) Beam me up, Scotty!
[13:56:00] [Render thread/INFO] (Lazurite Toolbox) Lazurite Toolbox Initialized.
[13:56:00] [Render thread/INFO] (Transporter) Beam me up, Scotty!
[13:56:00] [Render thread/INFO] (Indigo) [Indigo] Registering Indigo renderer!
[13:56:00] [Render thread/INFO] (Minecraft) Backend library: LWJGL version 3.3.1 SNAPSHOT
[13:56:01] [Render thread/INFO] (Minecraft) Narrator library for x64 successfully loaded
[13:56:01] [Render thread/INFO] (Minecraft) Reloading ResourceManager: vanilla, Fabric Mods (Fabric Game Test API (v1), Fabric Networking API (v1), Fabric Key Binding API (v1), Fabric Resource Loader (v0), Fabric API, Fabric Screen Handler API (v1), Fabric Recipe API (v1), Fabric BlockRenderLayer Registration (v1), Fabric Transitive Access Wideners (v1), Fabric Renderer API (v1), Fabric Biome API (v1), Fabric Convention Tags, Fabric Data Generation API (v1), Rayon, Fabric Item Group API (v1), Fabric Resource Conditions API (v1), mwar, Fabric Crash Report Info (v1), Fabric Transfer API (v1), Fabric Object Builder API (v1), Fabric API Lookup API (v1), Fabric Game Rule API (v1), Fabric Particles (v1), Fabric Loader, Fabric Models (v0), Geckolib, Fabric Loot API (v2), Fabric Events Interaction (v0), Fabric Message API (v1), Fabric Item API (v1), Fabric Entity Events (v1), Fabric Command API (v2), Fabric API Base, Fabric Rendering Data Attachment (v1), Fabric Rendering (v1), Fabric Client Tags, Fabric Lifecycle Events (v1), Fabric Mining Level API (v1), Fabric Sound API (v1), Fabric Content Registries (v0), Fabric Dimensions API (v1), Fabric Registry Sync (v0), Fabric Block API (v1), Fabric Rendering Fluids (v1), Fabric Renderer - Indigo, Fabric Screen API (v1))
[13:56:01] [Worker-Main-8/WARN] (Minecraft) File mwar:sounds/grenade_bounce.ogg does not exist, cannot add it to event mwar:grenade_bounce_1
[13:56:01] [Worker-Main-8/WARN] (Minecraft) File mwar:sounds/grenade_bounce.ogg does not exist, cannot add it to event mwar:grenade_bounce_2
[13:56:01] [Worker-Main-8/WARN] (Minecraft) File mwar:sounds/grenade_bounce.ogg does not exist, cannot add it to event mwar:grenade_bounce_3
[13:56:01] [Worker-Main-8/WARN] (Minecraft) File mwar:sounds/grenade_bounce.ogg does not exist, cannot add it to event mwar:can_bounce_1_1
[13:56:01] [Worker-Main-8/WARN] (Minecraft) File mwar:sounds/grenade_bounce.ogg does not exist, cannot add it to event mwar:can_bounce_1_2
[13:56:01] [Worker-Main-8/WARN] (Minecraft) File mwar:sounds/grenade_bounce.ogg does not exist, cannot add it to event mwar:can_bounce_2_1
[13:56:01] [Worker-Main-8/WARN] (Minecraft) File mwar:sounds/grenade_bounce.ogg does not exist, cannot add it to event mwar:can_bounce_2_2
[13:56:01] [Worker-Main-8/WARN] (Minecraft) File mwar:sounds/grenade_bounce.ogg does not exist, cannot add it to event mwar:can_bounce_3_1
[13:56:01] [Worker-Main-8/WARN] (Minecraft) File mwar:sounds/grenade_bounce.ogg does not exist, cannot add it to event mwar:can_bounce_3_2
[13:56:01] [Worker-Main-8/WARN] (Minecraft) File mwar:sounds/grenade_bounce.ogg does not exist, cannot add it to event mwar:can_bounce_4_1
[13:56:01] [Worker-Main-8/WARN] (Minecraft) File mwar:sounds/grenade_pull.ogg does not exist, cannot add it to event mwar:grenade_pin_1
[13:56:01] [Worker-Main-8/WARN] (Minecraft) File mwar:sounds/grenade_pull.ogg does not exist, cannot add it to event mwar:grenade_pin_2
[13:56:01] [Worker-Main-8/WARN] (Minecraft) File mwar:sounds/grenade_pull.ogg does not exist, cannot add it to event mwar:grenade_pin_3
[13:56:01] [Worker-Main-8/WARN] (Minecraft) File mwar:sounds/grenade_pull.ogg does not exist, cannot add it to event mwar:grenade_pin_4
[13:56:01] [Worker-Main-8/WARN] (Minecraft) File mwar:sounds/grenade_pull.ogg does not exist, cannot add it to event mwar:grenade_pin_5
[13:56:01] [Worker-Main-8/WARN] (Minecraft) File mwar:sounds/grenade_pull.ogg does not exist, cannot add it to event mwar:grenade_pin_6
[13:56:02] [Realms Notification Availability checker #1/INFO] (Minecraft) Could not authorize you against Realms server: Invalid session id
[13:56:03] [Worker-Main-8/WARN] (Minecraft) Missing textures in model mwar:smoke_black#inventory:
    minecraft:textures/atlas/blocks.png:mwar:item/block/black
[13:56:03] [Render thread/WARN] (Minecraft) Missing sound for event: minecraft:item.brush.brushing
[13:56:03] [Render thread/WARN] (Minecraft) Missing sound for event: minecraft:item.brush.brush_sand_completed
[13:56:03] [Render thread/WARN] (Minecraft) Missing sound for event: minecraft:item.goat_horn.play
[13:56:03] [Render thread/WARN] (Minecraft) Missing sound for event: minecraft:entity.goat.screaming.horn_break
[13:56:03] [Render thread/WARN] (Minecraft) Missing sound for event: minecraft:music.overworld.cherry_grove
[13:56:03] [Render thread/INFO] (Minecraft) OpenAL initialized on device OpenAL Soft on Headset Earphone (HyperX Virtual Surround Sound)
[13:56:03] [Render thread/INFO] (Minecraft) Sound engine started
[13:56:03] [Render thread/INFO] (Minecraft) Created: 1024x1024x2 minecraft:textures/atlas/blocks.png-atlas
[13:56:03] [Render thread/INFO] (Minecraft) Created: 256x256x2 minecraft:textures/atlas/signs.png-atlas
[13:56:03] [Render thread/INFO] (Minecraft) Created: 512x512x2 minecraft:textures/atlas/banner_patterns.png-atlas
[13:56:03] [Render thread/INFO] (Minecraft) Created: 512x512x2 minecraft:textures/atlas/shield_patterns.png-atlas
[13:56:03] [Render thread/INFO] (Minecraft) Created: 1024x1024x2 minecraft:textures/atlas/armor_trims.png-atlas
[13:56:03] [Render thread/INFO] (Minecraft) Created: 256x256x2 minecraft:textures/atlas/chest.png-atlas
[13:56:03] [Render thread/INFO] (Minecraft) Created: 64x64x2 minecraft:textures/atlas/decorated_pot.png-atlas
[13:56:03] [Render thread/INFO] (Minecraft) Created: 512x256x2 minecraft:textures/atlas/beds.png-atlas
[13:56:03] [Render thread/INFO] (Minecraft) Created: 512x256x2 minecraft:textures/atlas/shulker_boxes.png-atlas
[13:56:03] [Render thread/WARN] (Minecraft) Shader rendertype_entity_translucent_emissive could not find sampler named Sampler2 in the specified shader program.
[13:56:04] [Render thread/INFO] (Minecraft) Created: 256x256x0 minecraft:textures/atlas/particles.png-atlas
[13:56:04] [Render thread/INFO] (Minecraft) Created: 256x256x0 minecraft:textures/atlas/paintings.png-atlas
[13:56:04] [Render thread/INFO] (Minecraft) Created: 128x128x0 minecraft:textures/atlas/mob_effects.png-atlas
[13:57:16] [Render thread/INFO] (Minecraft) Loaded 7 recipes
[13:57:16] [Render thread/INFO] (Minecraft) Loaded 1179 advancements
[13:57:16] [Render thread/INFO] (BiomeModificationImpl) Applied 0 biome modifications to 0 of 63 new biomes in 1.245 ms
[13:57:16] [Server thread/INFO] (Rayon) Starting Server Physics Thread
[13:57:16] [Server thread/INFO] (Minecraft) Starting integrated minecraft server version 1.19.4
[13:57:16] [Server thread/INFO] (Minecraft) Generating keypair
[13:57:17] [Server thread/INFO] (Minecraft) Preparing start region for dimension minecraft:overworld
[13:57:18] [Render thread/INFO] (Minecraft) Preparing spawn area: 0%
[13:57:18] [Render thread/INFO] (Minecraft) Preparing spawn area: 0%
[13:57:18] [Render thread/INFO] (Minecraft) Preparing spawn area: 0%
[13:57:18] [Render thread/INFO] (Minecraft) Preparing spawn area: 0%
[13:57:19] [Render thread/INFO] (Minecraft) Preparing spawn area: 18%
[13:57:19] [Render thread/INFO] (Minecraft) Preparing spawn area: 87%
[13:57:19] [Render thread/INFO] (Minecraft) Time elapsed: 2608 ms
[13:57:20] [Server thread/INFO] (Minecraft) Changing view distance to 5, from 10
[13:57:20] [Server thread/INFO] (Minecraft) Changing simulation distance to 5, from 0
[13:57:20] [Server thread/INFO] (Minecraft) Player351[local:E:f3fad034] logged in with entity id 197 at (81.97321565702035, -56.78311337809634, 128.49504496091447)
[13:57:20] [Render thread/INFO] (Rayon) Starting Client Physics Thread
[13:57:20] [Server thread/INFO] (Minecraft) Player351 joined the game
[13:57:21] [Render thread/INFO] (Minecraft) Loaded 2 advancements
[13:57:22] [Render thread/WARN] (Minecraft) Unable to play empty soundEvent: mwar:grenade_pin_1
[13:57:23] [Render thread/WARN] (Minecraft) Unable to play unknown soundEvent: mwar:can_bounce3_2
[13:57:29] [Server thread/INFO] (Minecraft) Saving and pausing game...
[13:57:29] [Server thread/INFO] (Minecraft) Saving chunks for level 'ServerLevel[New World]'/minecraft:overworld
[13:57:29] [Server thread/INFO] (Minecraft) Saving chunks for level 'ServerLevel[New World]'/minecraft:the_nether
[13:57:29] [Server thread/INFO] (Minecraft) Saving chunks for level 'ServerLevel[New World]'/minecraft:the_end
[13:57:36] [Server thread/INFO] (Minecraft) Saving and pausing game...
[13:57:36] [Server thread/INFO] (Minecraft) Saving chunks for level 'ServerLevel[New World]'/minecraft:overworld
[13:57:36] [Server thread/INFO] (Minecraft) Saving chunks for level 'ServerLevel[New World]'/minecraft:the_nether
[13:57:36] [Server thread/INFO] (Minecraft) Saving chunks for level 'ServerLevel[New World]'/minecraft:the_end
[13:57:40] [Server thread/INFO] (Minecraft) Saving and pausing game...
[13:57:40] [Server thread/INFO] (Minecraft) Saving chunks for level 'ServerLevel[New World]'/minecraft:overworld
[13:57:40] [Server thread/INFO] (Minecraft) Saving chunks for level 'ServerLevel[New World]'/minecraft:the_nether
[13:57:40] [Server thread/INFO] (Minecraft) Saving chunks for level 'ServerLevel[New World]'/minecraft:the_end
[13:57:42] [Render thread/INFO] (Minecraft) Stopping!
[13:57:42] [Render thread/INFO] (Rayon) Stopping Client Physics Thread
[13:57:42] [Server thread/INFO] (Minecraft) Player351 lost connection: Disconnected
[13:57:42] [Server thread/INFO] (Minecraft) Player351 left the game
[13:57:42] [Server thread/INFO] (Minecraft) Stopping singleplayer server as player logged out
[13:57:42] [Server thread/INFO] (Rayon) Stopping Server Physics Thread
[13:57:42] [Server thread/INFO] (Minecraft) Stopping server
[13:57:42] [Server thread/INFO] (Minecraft) Saving players
[13:57:42] [Server thread/INFO] (Minecraft) Saving worlds
[13:57:43] [Server thread/INFO] (Minecraft) Saving chunks for level 'ServerLevel[New World]'/minecraft:overworld
[13:57:43] [Server thread/INFO] (Minecraft) Saving chunks for level 'ServerLevel[New World]'/minecraft:the_nether
[13:57:43] [Server thread/INFO] (Minecraft) Saving chunks for level 'ServerLevel[New World]'/minecraft:the_end
[13:57:43] [Server thread/INFO] (Minecraft) ThreadedAnvilChunkStorage (New World): All chunks are saved
[13:57:43] [Server thread/INFO] (Minecraft) ThreadedAnvilChunkStorage (DIM-1): All chunks are saved
[13:57:43] [Server thread/INFO] (Minecraft) ThreadedAnvilChunkStorage (DIM1): All chunks are saved
[13:57:43] [Server thread/INFO] (Minecraft) ThreadedAnvilChunkStorage: All dimensions are saved
